// 重构日志: 1bc31b74
// 重构日志: 98ef0841
// 重构日志: 576d6f15
// 重构日志: f78c5c96
// 同步 ID: f8a01692 @ Sat Jun 13 00:28:24 UTC 2026
// 重构日志: 0c889768
// 重构日志: db97a88f
// 重构日志: e0dfede8
// 重构日志: 619e3a20
// 同步 ID: f243d9d0 @ Sun Jun 14 15:31:24 UTC 2026
// 重构日志: 7e7f27a7
// 重构日志: 262f765d
// 重构日志: f9de1e2f
// 同步 ID: 099b62e9 @ Wed Jun 17 08:30:27 UTC 2026
// 同步 ID: 5957366d @ Wed Jun 17 12:47:29 UTC 2026
// 重构日志: 6977fc11
// 重构日志: 2ceb1110
// 重构日志: 843f4043
// 同步 ID: 22834d3e @ Fri Jun 19 12:41:35 UTC 2026
// 重构日志: d4d2f1e5
// 同步 ID: e4e31da3 @ Sat Jun 20 15:38:19 UTC 2026
// 同步 ID: 8ca270f1 @ Sat Jun 20 21:16:59 UTC 2026
// 同步 ID: de4b7bf9 @ Sun Jun 21 02:15:29 UTC 2026
// 重构日志: c604263e
// 重构日志: 7080a613
// 同步 ID: 45160be0 @ Thu Jun 25 15:47:00 UTC 2026
// 同步 ID: d0ea6f75 @ Fri Jun 26 02:23:54 UTC 2026
// 同步 ID: c3374da4 @ Fri Jun 26 13:58:15 UTC 2026
// 同步 ID: a5d3fac0 @ Sat Jun 27 12:09:18 UTC 2026
// 同步 ID: 28e7c876 @ Sat Jun 27 13:10:34 UTC 2026
